6828 decimal is 15254 octal!
entering test_backtrace 5
entering test_backtrace 4
entering test_backtrace 3
entering test_backtrace 2
entering test_backtrace 1
entering test_backtrace 0
Backtrace:
  ebp f010ff18  eip f010012b  args 00000000 00000000 00000000 00000000 f0100a41
         kern/init.c:95: test_backtrace+71
  ebp f010ff38  eip f010010d  args 00000000 00000001 f010ff78 00000000 f0100a41
         kern/init.c:93: test_backtrace+41
  ebp f010ff58  eip f010010d  args 00000001 00000002 f010ff98 00000000 f0100a41
         kern/init.c:93: test_backtrace+41
  ebp f010ff78  eip f010010d  args 00000002 00000003 f010ffb8 00000000 f0100a41
         kern/init.c:93: test_backtrace+41
  ebp f010ff98  eip f010010d  args 00000003 00000004 00000000 00000000 00000000
         kern/init.c:93: test_backtrace+41
  ebp f010ffb8  eip f010010d  args 00000004 00000005 00000000 00010094 00010094
         kern/init.c:93: test_backtrace+41
  ebp f010ffd8  eip f010018e  args 00000005 00001aac 00000660 00000000 00000000
         kern/init.c:105: i386_init+77
  ebp f010fff8  eip f010003d  args 00000000 00000000 0000ffff 10cf9a00 0000ffff
         kern/entry.S:13: <unknown>+0
leaving test_backtrace 0
leaving test_backtrace 1
leaving test_backtrace 2
leaving test_backtrace 3
leaving test_backtrace 4
leaving test_backtrace 5
Welcome to the JOS kernel monitor!
Type 'help' for a list of commands.
